<?xml version="1.0" encoding="UTF-8"?>
<!-- Generated by org.testng.reporters.JUnitReportReporter -->
<testsuite skipped="1" hostname="ashimajain" name="com.testCases.TC_Logintest_002" tests="1" failures="0" timestamp="2021-10-08T16:45:44 IST" time="0.000" errors="0">
  <testcase name="loginTest" time="0.000" classname="com.testCases.TC_Logintest_002">
    <skipped/>
  </testcase> <!-- loginTest -->
  <system-out/>
</testsuite> <!-- com.testCases.TC_Logintest_002 -->
