<?xml version="1.0" encoding="UTF-8"?>
<!-- Generated by org.testng.reporters.JUnitReportReporter -->
<testsuite skipped="0" hostname="ashimajain" name="com.testCases.TC_Logintest_001" tests="1" failures="0" timestamp="2021-10-08T15:05:03 IST" time="17.419" errors="0">
  <testcase name="loginTest" time="17.419" classname="com.testCases.TC_Logintest_001"/>
  <system-out/>
</testsuite> <!-- com.testCases.TC_Logintest_001 -->
